<?xml version="1.0" encoding="UTF-8"?>
<testng-results ignored="0" total="2" passed="2" failed="0" skipped="0">
  <reporter-output>
  </reporter-output>
  <suite started-at="2023-05-16T23:18:46 IST" name="Suite" finished-at="2023-05-16T23:18:50 IST" duration-ms="3599">
    <groups>
    </groups>
    <test started-at="2023-05-16T23:18:46 IST" name="Test" finished-at="2023-05-16T23:18:50 IST" duration-ms="3599">
      <class name="TestPackage.trello">
        <test-method signature="createBoard()[pri:0, instance:TestPackage.trello@56cdfb3b]" started-at="2023-05-16T23:18:46 IST" name="createBoard" finished-at="2023-05-16T23:18:49 IST" duration-ms="2832" status="PASS">
          <reporter-output>
          </reporter-output>
        </test-method> <!-- createBoard -->
        <test-method signature="updateBoard()[pri:1, instance:TestPackage.trello@56cdfb3b]" started-at="2023-05-16T23:18:49 IST" name="updateBoard" finished-at="2023-05-16T23:18:50 IST" duration-ms="720" status="PASS">
          <reporter-output>
          </reporter-output>
        </test-method> <!-- updateBoard -->
      </class> <!-- TestPackage.trello -->
    </test> <!-- Test -->
  </suite> <!-- Suite -->
</testng-results>
